<?xml version="1.0" encoding="UTF-8"?>
<testsuite name="com.aor.refactoring.example6.TreeTest" tests="6" skipped="0" failures="0" errors="0" timestamp="2020-03-30T18:21:52" hostname="LAPTOP-DDA1VVIE" time="0.025">
  <properties/>
  <testcase name="testTreeSetLocation" classname="com.aor.refactoring.example6.TreeTest" time="0.016"/>
  <testcase name="testToString" classname="com.aor.refactoring.example6.TreeTest" time="0.005"/>
  <testcase name="testAddAppraisal" classname="com.aor.refactoring.example6.TreeTest" time="0.001"/>
  <testcase name="testNextAppraisalNotOverdue" classname="com.aor.refactoring.example6.TreeTest" time="0.0"/>
  <testcase name="testTreeCreation" classname="com.aor.refactoring.example6.TreeTest" time="0.0"/>
  <testcase name="testNextAppraisalOverdue" classname="com.aor.refactoring.example6.TreeTest" time="0.001"/>
  <system-out><![CDATA[]]></system-out>
  <system-err><![CDATA[]]></system-err>
</testsuite>
